2022-09-02 09:27:13.793  INFO 2900 --- [main] com.example.demo.DemoApplication         : Starting DemoApplication using Java 11 on DESKTOP-0PC7AQK with PID 2900 (D:\Dev\batch-update\out\production\classes started by lemonbada in D:\Dev\batch-update)
2022-09-02 09:27:13.809 DEBUG 2900 --- [main] com.example.demo.DemoApplication         : Running with Spring Boot v2.7.2, Spring v5.3.22
2022-09-02 09:27:13.809  INFO 2900 --- [main] com.example.demo.DemoApplication         : No active profile set, falling back to 1 default profile: "default"
2022-09-02 09:27:14.547  INFO 2900 --- [main] com.example.demo.DemoApplication         : Started DemoApplication in 1.155 seconds (JVM running for 2.237)
2022-09-02 09:27:14.547 DEBUG 2900 --- [main] com.example.demo.service.DemoService     : :::retrieving meta... pmsportal.a_test
2022-09-02 09:27:14.651 DEBUG 2900 --- [main] .e.d.s.S.findColumnsBySchemaAndTableName : ==>  Preparing: select column_name from information_schema.columns where table_schema = ? and table_name = ? order by ORDINAL_POSITION
2022-09-02 09:27:14.667 DEBUG 2900 --- [main] .e.d.s.S.findColumnsBySchemaAndTableName : ==> Parameters: pmsportal(String), a_test(String)
2022-09-02 09:27:14.683 DEBUG 2900 --- [main] .e.d.s.S.findColumnsBySchemaAndTableName : <==      Total: 22
2022-09-02 09:27:14.698 DEBUG 2900 --- [main] com.example.demo.service.DemoService     : :::counting... pmsportal.a_test
2022-09-02 09:27:14.715 DEBUG 2900 --- [main] c.e.d.source.SourceDatabaseMapper.count  : ==>  Preparing: select count(*) from pmsportal.a_test where id > 9000000
2022-09-02 09:27:14.715 DEBUG 2900 --- [main] c.e.d.source.SourceDatabaseMapper.count  : ==> Parameters: 
2022-09-02 09:27:14.849 DEBUG 2900 --- [main] c.e.d.source.SourceDatabaseMapper.count  : <==      Total: 1
2022-09-02 09:27:14.849 DEBUG 2900 --- [main] com.example.demo.service.DemoService     : :::truncating....pmsdata.a_test
2022-09-02 09:27:14.857 DEBUG 2900 --- [main] c.e.d.t.TargetDatabaseMapper.truncate    : ==>  Preparing: truncate table pmsdata.a_test
2022-09-02 09:27:14.857 DEBUG 2900 --- [main] c.e.d.t.TargetDatabaseMapper.truncate    : ==> Parameters: 
2022-09-02 09:27:14.873 DEBUG 2900 --- [main] com.example.demo.service.DemoService     : :::retrieving data... (batch count = 300,000).... 1/3
2022-09-02 09:27:14.873 DEBUG 2900 --- [main] c.e.d.s.S.findDataByTableName            : ==>  Preparing: select * from a_test where id > 9000000 limit ? offset ?
2022-09-02 09:27:14.873 DEBUG 2900 --- [main] c.e.d.s.S.findDataByTableName            : ==> Parameters: 300000(Long), 0(Long)
2022-09-02 09:27:15.889 DEBUG 2900 --- [main] c.e.d.s.S.findDataByTableName            : <==      Total: 300000
2022-09-02 09:27:16.226 DEBUG 2900 --- [main] com.example.demo.service.DemoService     : :::executing batch
2022-09-02 09:30:02.036  INFO 12440 --- [main] com.example.demo.DemoApplication         : Starting DemoApplication using Java 11 on DESKTOP-0PC7AQK with PID 12440 (D:\Dev\batch-update\out\production\classes started by lemonbada in D:\Dev\batch-update)
2022-09-02 09:30:02.036 DEBUG 12440 --- [main] com.example.demo.DemoApplication         : Running with Spring Boot v2.7.2, Spring v5.3.22
2022-09-02 09:30:02.047  INFO 12440 --- [main] com.example.demo.DemoApplication         : No active profile set, falling back to 1 default profile: "default"
2022-09-02 09:30:02.873  INFO 12440 --- [main] com.example.demo.DemoApplication         : Started DemoApplication in 1.255 seconds (JVM running for 1.656)
2022-09-02 09:30:02.873 DEBUG 12440 --- [main] com.example.demo.service.DemoService     : :::retrieving meta... pmsportal.a_test
2022-09-02 09:30:02.968 DEBUG 12440 --- [main] .e.d.s.S.findColumnsBySchemaAndTableName : ==>  Preparing: select column_name from information_schema.columns where table_schema = ? and table_name = ? order by ORDINAL_POSITION
2022-09-02 09:30:02.983 DEBUG 12440 --- [main] .e.d.s.S.findColumnsBySchemaAndTableName : ==> Parameters: pmsportal(String), a_test(String)
2022-09-02 09:30:03.003 DEBUG 12440 --- [main] .e.d.s.S.findColumnsBySchemaAndTableName : <==      Total: 22
2022-09-02 09:30:03.015 DEBUG 12440 --- [main] com.example.demo.service.DemoService     : :::counting... pmsportal.a_test
2022-09-02 09:30:03.031 DEBUG 12440 --- [main] c.e.d.source.SourceDatabaseMapper.count  : ==>  Preparing: select count(*) from pmsportal.a_test where id > 9000000
2022-09-02 09:30:03.031 DEBUG 12440 --- [main] c.e.d.source.SourceDatabaseMapper.count  : ==> Parameters: 
2022-09-02 09:30:03.157 DEBUG 12440 --- [main] c.e.d.source.SourceDatabaseMapper.count  : <==      Total: 1
2022-09-02 09:30:03.157 DEBUG 12440 --- [main] com.example.demo.service.DemoService     : :::truncating....pmsdata.a_test
2022-09-02 09:30:03.161 DEBUG 12440 --- [main] c.e.d.t.TargetDatabaseMapper.truncate    : ==>  Preparing: truncate table pmsdata.a_test
2022-09-02 09:30:03.163 DEBUG 12440 --- [main] c.e.d.t.TargetDatabaseMapper.truncate    : ==> Parameters: 
2022-09-02 09:30:03.195 DEBUG 12440 --- [main] com.example.demo.service.DemoService     : :::retrieving data... (batch count = 300,000).... 1/3
2022-09-02 09:30:03.195 DEBUG 12440 --- [main] c.e.d.s.S.findDataByTableName            : ==>  Preparing: select * from a_test where id > 9000000 limit ? offset ?
2022-09-02 09:30:03.195 DEBUG 12440 --- [main] c.e.d.s.S.findDataByTableName            : ==> Parameters: 300000(Long), 0(Long)
2022-09-02 09:30:04.226 DEBUG 12440 --- [main] c.e.d.s.S.findDataByTableName            : <==      Total: 300000
2022-09-02 09:30:04.596 DEBUG 12440 --- [main] com.example.demo.service.DemoService     : :::executing batch
2022-09-02 09:30:05.893 DEBUG 12440 --- [main] com.example.demo.service.DemoService     : :::retrieving data... (batch count = 300,000).... 2/3
2022-09-02 09:30:05.893 DEBUG 12440 --- [main] c.e.d.s.S.findDataByTableName            : ==>  Preparing: select * from a_test where id > 9000000 limit ? offset ?
2022-09-02 09:30:05.893 DEBUG 12440 --- [main] c.e.d.s.S.findDataByTableName            : ==> Parameters: 300000(Long), 300000(Long)
2022-09-02 09:30:06.898 DEBUG 12440 --- [main] c.e.d.s.S.findDataByTableName            : <==      Total: 300000
2022-09-02 09:30:07.206 DEBUG 12440 --- [main] com.example.demo.service.DemoService     : :::executing batch
2022-09-02 09:30:08.101 DEBUG 12440 --- [main] com.example.demo.service.DemoService     : :::retrieving data... (batch count = 300,000).... 3/3
2022-09-02 09:30:08.101 DEBUG 12440 --- [main] c.e.d.s.S.findDataByTableName            : ==>  Preparing: select * from a_test where id > 9000000 limit ? offset ?
2022-09-02 09:30:08.101 DEBUG 12440 --- [main] c.e.d.s.S.findDataByTableName            : ==> Parameters: 300000(Long), 600000(Long)
2022-09-02 09:30:08.868 DEBUG 12440 --- [main] c.e.d.s.S.findDataByTableName            : <==      Total: 180660
2022-09-02 09:30:09.005 DEBUG 12440 --- [main] com.example.demo.service.DemoService     : :::executing batch
2022-09-02 10:04:42.928  INFO 11232 --- [main] com.example.demo.DemoApplication         : Starting DemoApplication using Java 11 on DESKTOP-0PC7AQK with PID 11232 (D:\Dev\batch-update\out\production\classes started by lemonbada in D:\Dev\batch-update)
2022-09-02 10:04:42.929 DEBUG 11232 --- [main] com.example.demo.DemoApplication         : Running with Spring Boot v2.7.2, Spring v5.3.22
2022-09-02 10:04:42.929  INFO 11232 --- [main] com.example.demo.DemoApplication         : No active profile set, falling back to 1 default profile: "default"
2022-09-02 10:04:43.802  INFO 11232 --- [main] com.example.demo.DemoApplication         : Started DemoApplication in 1.356 seconds (JVM running for 1.919)
2022-09-02 10:04:43.806 DEBUG 11232 --- [main] com.example.demo.service.DemoService     : :::retrieving meta... pmsportal.a_test
2022-09-02 10:04:43.911 DEBUG 11232 --- [main] .e.d.s.S.findColumnsBySchemaAndTableName : ==>  Preparing: select column_name from information_schema.columns where table_schema = ? and table_name = ? order by ORDINAL_POSITION
2022-09-02 10:04:43.927 DEBUG 11232 --- [main] .e.d.s.S.findColumnsBySchemaAndTableName : ==> Parameters: pmsportal(String), a_test(String)
2022-09-02 10:04:43.959 DEBUG 11232 --- [main] .e.d.s.S.findColumnsBySchemaAndTableName : <==      Total: 22
2022-09-02 10:04:43.959 DEBUG 11232 --- [main] com.example.demo.service.DemoService     : :::counting... pmsportal.a_test
2022-09-02 10:04:43.990 DEBUG 11232 --- [main] c.e.d.source.SourceDatabaseMapper.count  : ==>  Preparing: select count(*) from pmsportal.a_test where id > 9000000
2022-09-02 10:04:43.990 DEBUG 11232 --- [main] c.e.d.source.SourceDatabaseMapper.count  : ==> Parameters: 
2022-09-02 10:04:44.115 DEBUG 11232 --- [main] c.e.d.source.SourceDatabaseMapper.count  : <==      Total: 1
2022-09-02 10:04:44.115 DEBUG 11232 --- [main] com.example.demo.service.DemoService     : :::truncating....pmsdata.a_test
2022-09-02 10:04:44.130 DEBUG 11232 --- [main] c.e.d.t.TargetDatabaseMapper.truncate    : ==>  Preparing: truncate table pmsdata.a_test
2022-09-02 10:04:44.130 DEBUG 11232 --- [main] c.e.d.t.TargetDatabaseMapper.truncate    : ==> Parameters: 
2022-09-02 10:04:44.190 ERROR 11232 --- [main] o.s.boot.SpringApplication               : Application run failed

java.lang.IllegalStateException: Failed to execute CommandLineRunner
	at org.springframework.boot.SpringApplication.callRunner(SpringApplication.java:774) ~[spring-boot-2.7.2.jar:2.7.2]
	at org.springframework.boot.SpringApplication.callRunners(SpringApplication.java:755) ~[spring-boot-2.7.2.jar:2.7.2]
	at org.springframework.boot.SpringApplication.run(SpringApplication.java:315) ~[spring-boot-2.7.2.jar:2.7.2]
	at org.springframework.boot.SpringApplication.run(SpringApplication.java:1306) ~[spring-boot-2.7.2.jar:2.7.2]
	at org.springframework.boot.SpringApplication.run(SpringApplication.java:1295) ~[spring-boot-2.7.2.jar:2.7.2]
	at com.example.demo.DemoApplication.main(DemoApplication.java:16) ~[classes/:na]
Caused by: java.lang.RuntimeException: (conn=1804) execute(String sql) cannot be called on preparedStatement
	at com.example.demo.service.DemoService.lambda$batch$1(DemoService.java:126) ~[classes/:na]
	at java.base/java.util.ArrayList$ArrayListSpliterator.forEachRemaining(ArrayList.java:1654) ~[na:na]
	at java.base/java.util.stream.ReferencePipeline$Head.forEach(ReferencePipeline.java:658) ~[na:na]
	at com.example.demo.service.DemoService.batch(DemoService.java:66) ~[classes/:na]
	at com.example.demo.DemoApplication.run(DemoApplication.java:21) ~[classes/:na]
	at org.springframework.boot.SpringApplication.callRunner(SpringApplication.java:771) ~[spring-boot-2.7.2.jar:2.7.2]
	... 5 common frames omitted

2022-09-02 10:06:28.479  INFO 5828 --- [main] com.example.demo.DemoApplication         : Starting DemoApplication using Java 11 on DESKTOP-0PC7AQK with PID 5828 (D:\Dev\batch-update\out\production\classes started by lemonbada in D:\Dev\batch-update)
2022-09-02 10:06:28.479 DEBUG 5828 --- [main] com.example.demo.DemoApplication         : Running with Spring Boot v2.7.2, Spring v5.3.22
2022-09-02 10:06:28.479  INFO 5828 --- [main] com.example.demo.DemoApplication         : No active profile set, falling back to 1 default profile: "default"
2022-09-02 10:06:29.268  INFO 5828 --- [main] com.example.demo.DemoApplication         : Started DemoApplication in 1.158 seconds (JVM running for 1.499)
2022-09-02 10:06:29.283 DEBUG 5828 --- [main] com.example.demo.service.DemoService     : :::retrieving meta... pmsportal.a_test
2022-09-02 10:06:29.378 DEBUG 5828 --- [main] .e.d.s.S.findColumnsBySchemaAndTableName : ==>  Preparing: select column_name from information_schema.columns where table_schema = ? and table_name = ? order by ORDINAL_POSITION
2022-09-02 10:06:29.394 DEBUG 5828 --- [main] .e.d.s.S.findColumnsBySchemaAndTableName : ==> Parameters: pmsportal(String), a_test(String)
2022-09-02 10:06:29.425 DEBUG 5828 --- [main] .e.d.s.S.findColumnsBySchemaAndTableName : <==      Total: 22
2022-09-02 10:06:29.425 DEBUG 5828 --- [main] com.example.demo.service.DemoService     : :::counting... pmsportal.a_test
2022-09-02 10:06:29.441 DEBUG 5828 --- [main] c.e.d.source.SourceDatabaseMapper.count  : ==>  Preparing: select count(*) from pmsportal.a_test where id > 9000000
2022-09-02 10:06:29.441 DEBUG 5828 --- [main] c.e.d.source.SourceDatabaseMapper.count  : ==> Parameters: 
2022-09-02 10:06:29.573 DEBUG 5828 --- [main] c.e.d.source.SourceDatabaseMapper.count  : <==      Total: 1
2022-09-02 10:06:29.573 DEBUG 5828 --- [main] com.example.demo.service.DemoService     : :::truncating....pmsdata.a_test
2022-09-02 10:06:29.573 DEBUG 5828 --- [main] c.e.d.t.TargetDatabaseMapper.truncate    : ==>  Preparing: truncate table pmsdata.a_test
2022-09-02 10:06:29.573 DEBUG 5828 --- [main] c.e.d.t.TargetDatabaseMapper.truncate    : ==> Parameters: 
2022-09-02 10:08:22.064  INFO 1900 --- [main] com.example.demo.DemoApplication         : Starting DemoApplication using Java 11 on DESKTOP-0PC7AQK with PID 1900 (D:\Dev\batch-update\out\production\classes started by lemonbada in D:\Dev\batch-update)
2022-09-02 10:08:22.064 DEBUG 1900 --- [main] com.example.demo.DemoApplication         : Running with Spring Boot v2.7.2, Spring v5.3.22
2022-09-02 10:08:22.064  INFO 1900 --- [main] com.example.demo.DemoApplication         : No active profile set, falling back to 1 default profile: "default"
2022-09-02 10:08:22.831  INFO 1900 --- [main] com.example.demo.DemoApplication         : Started DemoApplication in 1.191 seconds (JVM running for 1.493)
2022-09-02 10:08:22.831 DEBUG 1900 --- [main] com.example.demo.service.DemoService     : :::retrieving meta... pmsportal.a_test
2022-09-02 10:08:22.925 DEBUG 1900 --- [main] .e.d.s.S.findColumnsBySchemaAndTableName : ==>  Preparing: select column_name from information_schema.columns where table_schema = ? and table_name = ? order by ORDINAL_POSITION
2022-09-02 10:08:22.941 DEBUG 1900 --- [main] .e.d.s.S.findColumnsBySchemaAndTableName : ==> Parameters: pmsportal(String), a_test(String)
2022-09-02 10:08:22.979 DEBUG 1900 --- [main] .e.d.s.S.findColumnsBySchemaAndTableName : <==      Total: 22
2022-09-02 10:08:22.979 DEBUG 1900 --- [main] com.example.demo.service.DemoService     : :::counting... pmsportal.a_test
2022-09-02 10:08:22.996 DEBUG 1900 --- [main] c.e.d.source.SourceDatabaseMapper.count  : ==>  Preparing: select count(*) from pmsportal.a_test where id > 9000000
2022-09-02 10:08:22.996 DEBUG 1900 --- [main] c.e.d.source.SourceDatabaseMapper.count  : ==> Parameters: 
2022-09-02 10:08:23.130 DEBUG 1900 --- [main] c.e.d.source.SourceDatabaseMapper.count  : <==      Total: 1
2022-09-02 10:08:23.130 DEBUG 1900 --- [main] com.example.demo.service.DemoService     : :::truncating....pmsdata.a_test
2022-09-02 10:08:23.139 DEBUG 1900 --- [main] c.e.d.t.TargetDatabaseMapper.truncate    : ==>  Preparing: truncate table pmsdata.a_test
2022-09-02 10:08:23.139 DEBUG 1900 --- [main] c.e.d.t.TargetDatabaseMapper.truncate    : ==> Parameters: 
2022-09-02 10:08:23.191 ERROR 1900 --- [main] o.s.boot.SpringApplication               : Application run failed

java.lang.IllegalStateException: Failed to execute CommandLineRunner
	at org.springframework.boot.SpringApplication.callRunner(SpringApplication.java:774) ~[spring-boot-2.7.2.jar:2.7.2]
	at org.springframework.boot.SpringApplication.callRunners(SpringApplication.java:755) ~[spring-boot-2.7.2.jar:2.7.2]
	at org.springframework.boot.SpringApplication.run(SpringApplication.java:315) ~[spring-boot-2.7.2.jar:2.7.2]
	at org.springframework.boot.SpringApplication.run(SpringApplication.java:1306) ~[spring-boot-2.7.2.jar:2.7.2]
	at org.springframework.boot.SpringApplication.run(SpringApplication.java:1295) ~[spring-boot-2.7.2.jar:2.7.2]
	at com.example.demo.DemoApplication.main(DemoApplication.java:16) ~[classes/:na]
Caused by: java.lang.RuntimeException: (conn=1826) You have an error in your SQL syntax; check the manual that corresponds to your MariaDB server version for the right syntax to use near 'select 2' at line 1
	at com.example.demo.service.DemoService.lambda$batch$1(DemoService.java:129) ~[classes/:na]
	at java.base/java.util.ArrayList$ArrayListSpliterator.forEachRemaining(ArrayList.java:1654) ~[na:na]
	at java.base/java.util.stream.ReferencePipeline$Head.forEach(ReferencePipeline.java:658) ~[na:na]
	at com.example.demo.service.DemoService.batch(DemoService.java:68) ~[classes/:na]
	at com.example.demo.DemoApplication.run(DemoApplication.java:21) ~[classes/:na]
	at org.springframework.boot.SpringApplication.callRunner(SpringApplication.java:771) ~[spring-boot-2.7.2.jar:2.7.2]
	... 5 common frames omitted

2022-09-02 11:07:37.251  INFO 5088 --- [main] com.example.demo.DemoApplication         : Starting DemoApplication using Java 11 on DESKTOP-0PC7AQK with PID 5088 (D:\Dev\batch-update\out\production\classes started by lemonbada in D:\Dev\batch-update)
2022-09-02 11:07:37.256 DEBUG 5088 --- [main] com.example.demo.DemoApplication         : Running with Spring Boot v2.7.2, Spring v5.3.22
2022-09-02 11:07:37.256  INFO 5088 --- [main] com.example.demo.DemoApplication         : No active profile set, falling back to 1 default profile: "default"
2022-09-02 11:07:38.180  INFO 5088 --- [main] com.example.demo.DemoApplication         : Started DemoApplication in 1.374 seconds (JVM running for 1.731)
2022-09-02 11:07:38.180 DEBUG 5088 --- [main] com.example.demo.service.DemoService     : :::retrieving meta... pmsportal.a_test
2022-09-02 11:07:38.281 DEBUG 5088 --- [main] .e.d.s.S.findColumnsBySchemaAndTableName : ==>  Preparing: select column_name from information_schema.columns where table_schema = ? and table_name = ? order by ORDINAL_POSITION
2022-09-02 11:07:38.292 DEBUG 5088 --- [main] .e.d.s.S.findColumnsBySchemaAndTableName : ==> Parameters: pmsportal(String), a_test(String)
2022-09-02 11:07:38.324 DEBUG 5088 --- [main] .e.d.s.S.findColumnsBySchemaAndTableName : <==      Total: 22
2022-09-02 11:07:38.332 DEBUG 5088 --- [main] com.example.demo.service.DemoService     : :::counting... pmsportal.a_test
2022-09-02 11:07:38.360 DEBUG 5088 --- [main] c.e.d.source.SourceDatabaseMapper.count  : ==>  Preparing: select count(*) from pmsportal.a_test where id > 9000000
2022-09-02 11:07:38.360 DEBUG 5088 --- [main] c.e.d.source.SourceDatabaseMapper.count  : ==> Parameters: 
2022-09-02 11:07:38.485 DEBUG 5088 --- [main] c.e.d.source.SourceDatabaseMapper.count  : <==      Total: 1
2022-09-02 11:07:38.486 DEBUG 5088 --- [main] com.example.demo.service.DemoService     : :::truncating....pmsdata.a_test
2022-09-02 11:07:38.490 DEBUG 5088 --- [main] c.e.d.t.TargetDatabaseMapper.truncate    : ==>  Preparing: truncate table pmsdata.a_test
2022-09-02 11:07:38.490 DEBUG 5088 --- [main] c.e.d.t.TargetDatabaseMapper.truncate    : ==> Parameters: 
2022-09-02 11:07:38.532 DEBUG 5088 --- [main] com.example.demo.service.DemoService     : :::retrieving data... (batch count = 300,000).... 1/3
2022-09-02 11:07:38.534 DEBUG 5088 --- [main] c.e.d.s.S.findDataByTableName            : ==>  Preparing: select * from pmsportal.a_test where id > 9000000 limit ? offset ?
2022-09-02 11:07:38.534 DEBUG 5088 --- [main] c.e.d.s.S.findDataByTableName            : ==> Parameters: 300000(Long), 0(Long)
2022-09-02 11:07:39.510 DEBUG 5088 --- [main] c.e.d.s.S.findDataByTableName            : <==      Total: 300000
2022-09-02 11:07:39.866 DEBUG 5088 --- [main] com.example.demo.service.DemoService     : :::executing batch
2022-09-02 11:07:41.051 DEBUG 5088 --- [main] com.example.demo.service.DemoService     : :::retrieving data... (batch count = 300,000).... 2/3
2022-09-02 11:07:41.051 DEBUG 5088 --- [main] c.e.d.s.S.findDataByTableName            : ==>  Preparing: select * from pmsportal.a_test where id > 9000000 limit ? offset ?
2022-09-02 11:07:41.051 DEBUG 5088 --- [main] c.e.d.s.S.findDataByTableName            : ==> Parameters: 300000(Long), 300000(Long)
2022-09-02 11:07:42.020 DEBUG 5088 --- [main] c.e.d.s.S.findDataByTableName            : <==      Total: 300000
2022-09-02 11:07:42.331 DEBUG 5088 --- [main] com.example.demo.service.DemoService     : :::executing batch
2022-09-02 11:07:43.356 DEBUG 5088 --- [main] com.example.demo.service.DemoService     : :::retrieving data... (batch count = 300,000).... 3/3
2022-09-02 11:07:43.356 DEBUG 5088 --- [main] c.e.d.s.S.findDataByTableName            : ==>  Preparing: select * from pmsportal.a_test where id > 9000000 limit ? offset ?
2022-09-02 11:07:43.356 DEBUG 5088 --- [main] c.e.d.s.S.findDataByTableName            : ==> Parameters: 300000(Long), 600000(Long)
2022-09-02 11:07:44.482 DEBUG 5088 --- [main] c.e.d.s.S.findDataByTableName            : <==      Total: 180660
2022-09-02 11:07:44.637 DEBUG 5088 --- [main] com.example.demo.service.DemoService     : :::executing batch
2022-09-02 11:08:06.865  INFO 12536 --- [main] com.example.demo.DemoApplication         : Starting DemoApplication using Java 11 on DESKTOP-0PC7AQK with PID 12536 (D:\Dev\batch-update\out\production\classes started by lemonbada in D:\Dev\batch-update)
2022-09-02 11:08:06.867 DEBUG 12536 --- [main] com.example.demo.DemoApplication         : Running with Spring Boot v2.7.2, Spring v5.3.22
2022-09-02 11:08:06.867  INFO 12536 --- [main] com.example.demo.DemoApplication         : No active profile set, falling back to 1 default profile: "default"
2022-09-02 11:08:07.625  INFO 12536 --- [main] com.example.demo.DemoApplication         : Started DemoApplication in 1.147 seconds (JVM running for 1.487)
2022-09-02 11:08:07.625 DEBUG 12536 --- [main] com.example.demo.service.DemoService     : :::retrieving meta... pmsportal.a_test
2022-09-02 11:08:07.735 DEBUG 12536 --- [main] .e.d.s.S.findColumnsBySchemaAndTableName : ==>  Preparing: select column_name from information_schema.columns where table_schema = ? and table_name = ? order by ORDINAL_POSITION
2022-09-02 11:08:07.760 DEBUG 12536 --- [main] .e.d.s.S.findColumnsBySchemaAndTableName : ==> Parameters: pmsportal(String), a_test(String)
2022-09-02 11:08:07.796 DEBUG 12536 --- [main] .e.d.s.S.findColumnsBySchemaAndTableName : <==      Total: 22
2022-09-02 11:08:07.805 DEBUG 12536 --- [main] com.example.demo.service.DemoService     : :::counting... pmsportal.a_test
2022-09-02 11:08:07.842 DEBUG 12536 --- [main] c.e.d.source.SourceDatabaseMapper.count  : ==>  Preparing: select count(*) from pmsportal.a_test where id > 9000000
2022-09-02 11:08:07.842 DEBUG 12536 --- [main] c.e.d.source.SourceDatabaseMapper.count  : ==> Parameters: 
2022-09-02 11:08:07.971 DEBUG 12536 --- [main] c.e.d.source.SourceDatabaseMapper.count  : <==      Total: 1
2022-09-02 11:08:07.971 DEBUG 12536 --- [main] com.example.demo.service.DemoService     : :::truncating....pmsdata.a_test
2022-09-02 11:08:07.971 DEBUG 12536 --- [main] c.e.d.t.TargetDatabaseMapper.truncate    : ==>  Preparing: truncate table pmsdata.a_test
2022-09-02 11:08:07.971 DEBUG 12536 --- [main] c.e.d.t.TargetDatabaseMapper.truncate    : ==> Parameters: 
2022-09-02 11:08:08.001 DEBUG 12536 --- [main] com.example.demo.service.DemoService     : :::retrieving data... (batch count = 300,000).... 1/3
2022-09-02 11:08:08.001 DEBUG 12536 --- [main] c.e.d.s.S.findDataByTableName            : ==>  Preparing: select * from pmsportal.a_test where id > 9000000 limit ? offset ?
2022-09-02 11:08:08.001 DEBUG 12536 --- [main] c.e.d.s.S.findDataByTableName            : ==> Parameters: 300000(Long), 0(Long)
2022-09-02 11:08:09.000 DEBUG 12536 --- [main] c.e.d.s.S.findDataByTableName            : <==      Total: 300000
2022-09-02 11:08:09.266 DEBUG 12536 --- [main] com.example.demo.service.DemoService     : :::executing batch
2022-09-02 11:08:10.745 DEBUG 12536 --- [main] com.example.demo.service.DemoService     : :::retrieving data... (batch count = 300,000).... 2/3
2022-09-02 11:08:10.745 DEBUG 12536 --- [main] c.e.d.s.S.findDataByTableName            : ==>  Preparing: select * from pmsportal.a_test where id > 9000000 limit ? offset ?
2022-09-02 11:08:10.745 DEBUG 12536 --- [main] c.e.d.s.S.findDataByTableName            : ==> Parameters: 300000(Long), 300000(Long)
2022-09-02 11:08:11.871 DEBUG 12536 --- [main] c.e.d.s.S.findDataByTableName            : <==      Total: 300000
2022-09-02 11:08:12.161 DEBUG 12536 --- [main] com.example.demo.service.DemoService     : :::executing batch
2022-09-02 11:08:13.377 DEBUG 12536 --- [main] com.example.demo.service.DemoService     : :::retrieving data... (batch count = 300,000).... 3/3
2022-09-02 11:08:13.381 DEBUG 12536 --- [main] c.e.d.s.S.findDataByTableName            : ==>  Preparing: select * from pmsportal.a_test where id > 9000000 limit ? offset ?
2022-09-02 11:08:13.381 DEBUG 12536 --- [main] c.e.d.s.S.findDataByTableName            : ==> Parameters: 300000(Long), 600000(Long)
2022-09-02 11:08:14.445 DEBUG 12536 --- [main] c.e.d.s.S.findDataByTableName            : <==      Total: 180660
2022-09-02 11:08:14.615 DEBUG 12536 --- [main] com.example.demo.service.DemoService     : :::executing batch
2022-09-02 11:08:50.786  INFO 8916 --- [main] com.example.demo.DemoApplication         : Starting DemoApplication using Java 11 on DESKTOP-0PC7AQK with PID 8916 (D:\Dev\batch-update\out\production\classes started by lemonbada in D:\Dev\batch-update)
2022-09-02 11:08:50.788 DEBUG 8916 --- [main] com.example.demo.DemoApplication         : Running with Spring Boot v2.7.2, Spring v5.3.22
2022-09-02 11:08:50.788  INFO 8916 --- [main] com.example.demo.DemoApplication         : No active profile set, falling back to 1 default profile: "default"
2022-09-02 11:08:51.588  INFO 8916 --- [main] com.example.demo.DemoApplication         : Started DemoApplication in 1.218 seconds (JVM running for 1.538)
2022-09-02 11:08:51.591 DEBUG 8916 --- [main] com.example.demo.service.DemoService     : :::retrieving meta... pmsportal.a_test
2022-09-02 11:08:51.715 DEBUG 8916 --- [main] .e.d.s.S.findColumnsBySchemaAndTableName : ==>  Preparing: select column_name from information_schema.columns where table_schema = ? and table_name = ? order by ORDINAL_POSITION
2022-09-02 11:08:51.736 DEBUG 8916 --- [main] .e.d.s.S.findColumnsBySchemaAndTableName : ==> Parameters: pmsportal(String), a_test(String)
2022-09-02 11:08:51.772 DEBUG 8916 --- [main] .e.d.s.S.findColumnsBySchemaAndTableName : <==      Total: 22
2022-09-02 11:08:51.772 DEBUG 8916 --- [main] com.example.demo.service.DemoService     : :::counting... pmsportal.a_test
2022-09-02 11:08:51.803 DEBUG 8916 --- [main] c.e.d.source.SourceDatabaseMapper.count  : ==>  Preparing: select count(*) from pmsportal.a_test where id > 9000000
2022-09-02 11:08:51.803 DEBUG 8916 --- [main] c.e.d.source.SourceDatabaseMapper.count  : ==> Parameters: 
2022-09-02 11:08:51.951 DEBUG 8916 --- [main] c.e.d.source.SourceDatabaseMapper.count  : <==      Total: 1
2022-09-02 11:08:51.951 DEBUG 8916 --- [main] com.example.demo.service.DemoService     : :::truncating....pmsdata.a_test
2022-09-02 11:08:51.951 DEBUG 8916 --- [main] c.e.d.t.TargetDatabaseMapper.truncate    : ==>  Preparing: truncate table pmsdata.a_test
2022-09-02 11:08:51.951 DEBUG 8916 --- [main] c.e.d.t.TargetDatabaseMapper.truncate    : ==> Parameters: 
2022-09-02 11:08:51.981 DEBUG 8916 --- [main] com.example.demo.service.DemoService     : :::retrieving data... (batch count = 300,000).... 1/3
2022-09-02 11:08:51.981 DEBUG 8916 --- [main] c.e.d.s.S.findDataByTableName            : ==>  Preparing: select * from pmsportal.a_test where id > 9000000 limit ? offset ?
2022-09-02 11:08:51.981 DEBUG 8916 --- [main] c.e.d.s.S.findDataByTableName            : ==> Parameters: 300000(Long), 0(Long)
2022-09-02 11:08:52.961 DEBUG 8916 --- [main] c.e.d.s.S.findDataByTableName            : <==      Total: 300000
2022-09-02 11:08:53.270 DEBUG 8916 --- [main] com.example.demo.service.DemoService     : :::executing batch
2022-09-02 11:08:54.446 DEBUG 8916 --- [main] com.example.demo.service.DemoService     : :::retrieving data... (batch count = 300,000).... 2/3
2022-09-02 11:08:54.446 DEBUG 8916 --- [main] c.e.d.s.S.findDataByTableName            : ==>  Preparing: select * from pmsportal.a_test where id > 9000000 limit ? offset ?
2022-09-02 11:08:54.446 DEBUG 8916 --- [main] c.e.d.s.S.findDataByTableName            : ==> Parameters: 300000(Long), 300000(Long)
2022-09-02 11:08:55.702 DEBUG 8916 --- [main] c.e.d.s.S.findDataByTableName            : <==      Total: 300000
2022-09-02 11:08:56.049 DEBUG 8916 --- [main] com.example.demo.service.DemoService     : :::executing batch
2022-09-02 11:08:57.050 DEBUG 8916 --- [main] com.example.demo.service.DemoService     : :::retrieving data... (batch count = 300,000).... 3/3
2022-09-02 11:08:57.050 DEBUG 8916 --- [main] c.e.d.s.S.findDataByTableName            : ==>  Preparing: select * from pmsportal.a_test where id > 9000000 limit ? offset ?
2022-09-02 11:08:57.050 DEBUG 8916 --- [main] c.e.d.s.S.findDataByTableName            : ==> Parameters: 300000(Long), 600000(Long)
2022-09-02 11:08:57.826 DEBUG 8916 --- [main] c.e.d.s.S.findDataByTableName            : <==      Total: 180660
2022-09-02 11:08:57.951 DEBUG 8916 --- [main] com.example.demo.service.DemoService     : :::executing batch
2022-09-02 11:09:27.990  INFO 13680 --- [main] com.example.demo.DemoApplication         : Starting DemoApplication using Java 11 on DESKTOP-0PC7AQK with PID 13680 (D:\Dev\batch-update\out\production\classes started by lemonbada in D:\Dev\batch-update)
2022-09-02 11:09:27.990 DEBUG 13680 --- [main] com.example.demo.DemoApplication         : Running with Spring Boot v2.7.2, Spring v5.3.22
2022-09-02 11:09:27.990  INFO 13680 --- [main] com.example.demo.DemoApplication         : No active profile set, falling back to 1 default profile: "default"
2022-09-02 11:09:28.760  INFO 13680 --- [main] com.example.demo.DemoApplication         : Started DemoApplication in 1.152 seconds (JVM running for 1.488)
2022-09-02 11:09:28.765 DEBUG 13680 --- [main] com.example.demo.service.DemoService     : :::retrieving meta... pmsportal.a_test
2022-09-02 11:09:28.841 DEBUG 13680 --- [main] .e.d.s.S.findColumnsBySchemaAndTableName : ==>  Preparing: select column_name from information_schema.columns where table_schema = ? and table_name = ? order by ORDINAL_POSITION
2022-09-02 11:09:28.865 DEBUG 13680 --- [main] .e.d.s.S.findColumnsBySchemaAndTableName : ==> Parameters: pmsportal(String), a_test(String)
2022-09-02 11:09:28.891 DEBUG 13680 --- [main] .e.d.s.S.findColumnsBySchemaAndTableName : <==      Total: 22
2022-09-02 11:09:28.891 DEBUG 13680 --- [main] com.example.demo.service.DemoService     : :::counting... pmsportal.a_test
2022-09-02 11:09:28.916 DEBUG 13680 --- [main] c.e.d.source.SourceDatabaseMapper.count  : ==>  Preparing: select count(*) from pmsportal.a_test where id > 9000000
2022-09-02 11:09:28.916 DEBUG 13680 --- [main] c.e.d.source.SourceDatabaseMapper.count  : ==> Parameters: 
2022-09-02 11:09:29.044 DEBUG 13680 --- [main] c.e.d.source.SourceDatabaseMapper.count  : <==      Total: 1
2022-09-02 11:09:29.044 DEBUG 13680 --- [main] com.example.demo.service.DemoService     : :::truncating....pmsdata.a_test
2022-09-02 11:09:29.044 DEBUG 13680 --- [main] c.e.d.t.TargetDatabaseMapper.truncate    : ==>  Preparing: truncate table pmsdata.a_test
2022-09-02 11:09:29.044 DEBUG 13680 --- [main] c.e.d.t.TargetDatabaseMapper.truncate    : ==> Parameters: 
2022-09-02 11:09:29.081 DEBUG 13680 --- [main] com.example.demo.service.DemoService     : =========================================
2022-09-02 11:09:29.081 DEBUG 13680 --- [main] com.example.demo.service.DemoService     : :::retrieving data... (batch count = 300,000).... 1/3
2022-09-02 11:09:29.081 DEBUG 13680 --- [main] c.e.d.s.S.findDataByTableName            : ==>  Preparing: select * from pmsportal.a_test where id > 9000000 limit ? offset ?
2022-09-02 11:09:29.081 DEBUG 13680 --- [main] c.e.d.s.S.findDataByTableName            : ==> Parameters: 300000(Long), 0(Long)
2022-09-02 11:09:30.075 DEBUG 13680 --- [main] c.e.d.s.S.findDataByTableName            : <==      Total: 300000
2022-09-02 11:09:30.361 DEBUG 13680 --- [main] com.example.demo.service.DemoService     : :::executing batch
2022-09-02 11:09:31.685 DEBUG 13680 --- [main] com.example.demo.service.DemoService     : :::retrieving data... (batch count = 300,000).... 2/3
2022-09-02 11:09:31.687 DEBUG 13680 --- [main] c.e.d.s.S.findDataByTableName            : ==>  Preparing: select * from pmsportal.a_test where id > 9000000 limit ? offset ?
2022-09-02 11:09:31.689 DEBUG 13680 --- [main] c.e.d.s.S.findDataByTableName            : ==> Parameters: 300000(Long), 300000(Long)
2022-09-02 11:09:32.776 DEBUG 13680 --- [main] c.e.d.s.S.findDataByTableName            : <==      Total: 300000
2022-09-02 11:09:33.071 DEBUG 13680 --- [main] com.example.demo.service.DemoService     : :::executing batch
2022-09-02 11:09:34.033 DEBUG 13680 --- [main] com.example.demo.service.DemoService     : :::retrieving data... (batch count = 300,000).... 3/3
2022-09-02 11:09:34.033 DEBUG 13680 --- [main] c.e.d.s.S.findDataByTableName            : ==>  Preparing: select * from pmsportal.a_test where id > 9000000 limit ? offset ?
2022-09-02 11:09:34.033 DEBUG 13680 --- [main] c.e.d.s.S.findDataByTableName            : ==> Parameters: 300000(Long), 600000(Long)
2022-09-02 11:09:34.960 DEBUG 13680 --- [main] c.e.d.s.S.findDataByTableName            : <==      Total: 180660
2022-09-02 11:09:35.240 DEBUG 13680 --- [main] com.example.demo.service.DemoService     : :::executing batch
2022-09-02 11:09:42.722  INFO 11640 --- [main] com.example.demo.DemoApplication         : Starting DemoApplication using Java 11 on DESKTOP-0PC7AQK with PID 11640 (D:\Dev\batch-update\out\production\classes started by lemonbada in D:\Dev\batch-update)
2022-09-02 11:09:42.724 DEBUG 11640 --- [main] com.example.demo.DemoApplication         : Running with Spring Boot v2.7.2, Spring v5.3.22
2022-09-02 11:09:42.725  INFO 11640 --- [main] com.example.demo.DemoApplication         : No active profile set, falling back to 1 default profile: "default"
2022-09-02 11:09:43.425  INFO 11640 --- [main] com.example.demo.DemoApplication         : Started DemoApplication in 1.136 seconds (JVM running for 1.476)
2022-09-02 11:09:43.430 DEBUG 11640 --- [main] com.example.demo.service.DemoService     : :::retrieving meta... pmsportal.a_test
2022-09-02 11:09:43.502 DEBUG 11640 --- [main] .e.d.s.S.findColumnsBySchemaAndTableName : ==>  Preparing: select column_name from information_schema.columns where table_schema = ? and table_name = ? order by ORDINAL_POSITION
2022-09-02 11:09:43.525 DEBUG 11640 --- [main] .e.d.s.S.findColumnsBySchemaAndTableName : ==> Parameters: pmsportal(String), a_test(String)
2022-09-02 11:09:43.550 DEBUG 11640 --- [main] .e.d.s.S.findColumnsBySchemaAndTableName : <==      Total: 22
2022-09-02 11:09:43.550 DEBUG 11640 --- [main] com.example.demo.service.DemoService     : :::counting... pmsportal.a_test
2022-09-02 11:09:43.575 DEBUG 11640 --- [main] c.e.d.source.SourceDatabaseMapper.count  : ==>  Preparing: select count(*) from pmsportal.a_test where id > 9000000
2022-09-02 11:09:43.575 DEBUG 11640 --- [main] c.e.d.source.SourceDatabaseMapper.count  : ==> Parameters: 
2022-09-02 11:09:43.720 DEBUG 11640 --- [main] c.e.d.source.SourceDatabaseMapper.count  : <==      Total: 1
2022-09-02 11:09:43.720 DEBUG 11640 --- [main] com.example.demo.service.DemoService     : :::truncating....pmsdata.a_test
2022-09-02 11:09:43.720 DEBUG 11640 --- [main] c.e.d.t.TargetDatabaseMapper.truncate    : ==>  Preparing: truncate table pmsdata.a_test
2022-09-02 11:09:43.720 DEBUG 11640 --- [main] c.e.d.t.TargetDatabaseMapper.truncate    : ==> Parameters: 
2022-09-02 11:09:43.765 DEBUG 11640 --- [main] com.example.demo.service.DemoService     : =========================================
2022-09-02 11:09:43.790 ERROR 11640 --- [main] o.s.boot.SpringApplication               : Application run failed

java.lang.IllegalStateException: Failed to execute CommandLineRunner
	at org.springframework.boot.SpringApplication.callRunner(SpringApplication.java:774) ~[spring-boot-2.7.2.jar:2.7.2]
	at org.springframework.boot.SpringApplication.callRunners(SpringApplication.java:755) ~[spring-boot-2.7.2.jar:2.7.2]
	at org.springframework.boot.SpringApplication.run(SpringApplication.java:315) ~[spring-boot-2.7.2.jar:2.7.2]
	at org.springframework.boot.SpringApplication.run(SpringApplication.java:1306) ~[spring-boot-2.7.2.jar:2.7.2]
	at org.springframework.boot.SpringApplication.run(SpringApplication.java:1295) ~[spring-boot-2.7.2.jar:2.7.2]
	at com.example.demo.DemoApplication.main(DemoApplication.java:16) ~[classes/:na]
Caused by: java.lang.RuntimeException: (conn=1924) You have an error in your SQL syntax; check the manual that corresponds to your MariaDB server version for the right syntax to use near 'seect 1111' at line 1
	at com.example.demo.service.DemoService.lambda$batch$1(DemoService.java:128) ~[classes/:na]
	at java.base/java.util.ArrayList$ArrayListSpliterator.forEachRemaining(ArrayList.java:1654) ~[na:na]
	at java.base/java.util.stream.ReferencePipeline$Head.forEach(ReferencePipeline.java:658) ~[na:na]
	at com.example.demo.service.DemoService.batch(DemoService.java:68) ~[classes/:na]
	at com.example.demo.DemoApplication.run(DemoApplication.java:21) ~[classes/:na]
	at org.springframework.boot.SpringApplication.callRunner(SpringApplication.java:771) ~[spring-boot-2.7.2.jar:2.7.2]
	... 5 common frames omitted

2022-09-02 11:10:16.292  INFO 13668 --- [main] com.example.demo.DemoApplication         : Starting DemoApplication using Java 11 on DESKTOP-0PC7AQK with PID 13668 (D:\Dev\batch-update\out\production\classes started by lemonbada in D:\Dev\batch-update)
2022-09-02 11:10:16.292 DEBUG 13668 --- [main] com.example.demo.DemoApplication         : Running with Spring Boot v2.7.2, Spring v5.3.22
2022-09-02 11:10:16.292  INFO 13668 --- [main] com.example.demo.DemoApplication         : No active profile set, falling back to 1 default profile: "default"
2022-09-02 11:10:17.026  INFO 13668 --- [main] com.example.demo.DemoApplication         : Started DemoApplication in 1.1 seconds (JVM running for 1.411)
2022-09-02 11:10:17.031 DEBUG 13668 --- [main] com.example.demo.service.DemoService     : :::retrieving meta... pmsportal.a_test
2022-09-02 11:10:17.121 DEBUG 13668 --- [main] .e.d.s.S.findColumnsBySchemaAndTableName : ==>  Preparing: select column_name from information_schema.columns where table_schema = ? and table_name = ? order by ORDINAL_POSITION
2022-09-02 11:10:17.140 DEBUG 13668 --- [main] .e.d.s.S.findColumnsBySchemaAndTableName : ==> Parameters: pmsportal(String), a_test(String)
2022-09-02 11:10:17.170 DEBUG 13668 --- [main] .e.d.s.S.findColumnsBySchemaAndTableName : <==      Total: 22
2022-09-02 11:10:17.170 DEBUG 13668 --- [main] com.example.demo.service.DemoService     : :::counting... pmsportal.a_test
2022-09-02 11:10:17.200 DEBUG 13668 --- [main] c.e.d.source.SourceDatabaseMapper.count  : ==>  Preparing: select count(*) from pmsportal.a_test where id > 9000000
2022-09-02 11:10:17.200 DEBUG 13668 --- [main] c.e.d.source.SourceDatabaseMapper.count  : ==> Parameters: 
2022-09-02 11:10:17.364 DEBUG 13668 --- [main] c.e.d.source.SourceDatabaseMapper.count  : <==      Total: 1
2022-09-02 11:10:17.364 DEBUG 13668 --- [main] com.example.demo.service.DemoService     : :::truncating....pmsdata.a_test
2022-09-02 11:10:17.374 DEBUG 13668 --- [main] c.e.d.t.TargetDatabaseMapper.truncate    : ==>  Preparing: truncate table pmsdata.a_test
2022-09-02 11:10:17.374 DEBUG 13668 --- [main] c.e.d.t.TargetDatabaseMapper.truncate    : ==> Parameters: 
2022-09-02 11:10:17.400 DEBUG 13668 --- [main] com.example.demo.service.DemoService     : :::retrieving data... (batch count = 1,000,000).... 1/1
2022-09-02 11:10:17.400 DEBUG 13668 --- [main] c.e.d.s.S.findDataByTableName            : ==>  Preparing: select * from pmsportal.a_test where id > 9000000 limit ? offset ?
2022-09-02 11:10:17.400 DEBUG 13668 --- [main] c.e.d.s.S.findDataByTableName            : ==> Parameters: 1000000(Long), 0(Long)
2022-09-02 11:10:19.923 DEBUG 13668 --- [main] c.e.d.s.S.findDataByTableName            : <==      Total: 780660
2022-09-02 11:10:20.700 DEBUG 13668 --- [main] com.example.demo.service.DemoService     : :::executing batch
2022-09-02 11:10:28.676  INFO 13864 --- [main] com.example.demo.DemoApplication         : Starting DemoApplication using Java 11 on DESKTOP-0PC7AQK with PID 13864 (D:\Dev\batch-update\out\production\classes started by lemonbada in D:\Dev\batch-update)
2022-09-02 11:10:28.682 DEBUG 13864 --- [main] com.example.demo.DemoApplication         : Running with Spring Boot v2.7.2, Spring v5.3.22
2022-09-02 11:10:28.683  INFO 13864 --- [main] com.example.demo.DemoApplication         : No active profile set, falling back to 1 default profile: "default"
2022-09-02 11:10:29.746  INFO 13864 --- [main] com.example.demo.DemoApplication         : Started DemoApplication in 1.53 seconds (JVM running for 2.083)
2022-09-02 11:10:29.749 DEBUG 13864 --- [main] com.example.demo.service.DemoService     : :::retrieving meta... pmsportal.a_test
2022-09-02 11:10:29.850 DEBUG 13864 --- [main] .e.d.s.S.findColumnsBySchemaAndTableName : ==>  Preparing: select column_name from information_schema.columns where table_schema = ? and table_name = ? order by ORDINAL_POSITION
2022-09-02 11:10:29.870 DEBUG 13864 --- [main] .e.d.s.S.findColumnsBySchemaAndTableName : ==> Parameters: pmsportal(String), a_test(String)
2022-09-02 11:10:29.900 DEBUG 13864 --- [main] .e.d.s.S.findColumnsBySchemaAndTableName : <==      Total: 22
2022-09-02 11:10:29.906 DEBUG 13864 --- [main] com.example.demo.service.DemoService     : :::counting... pmsportal.a_test
2022-09-02 11:10:29.935 DEBUG 13864 --- [main] c.e.d.source.SourceDatabaseMapper.count  : ==>  Preparing: select count(*) from pmsportal.a_test where 1 = 1
2022-09-02 11:10:29.935 DEBUG 13864 --- [main] c.e.d.source.SourceDatabaseMapper.count  : ==> Parameters: 
2022-09-02 11:10:33.904 DEBUG 13864 --- [main] c.e.d.source.SourceDatabaseMapper.count  : <==      Total: 1
2022-09-02 11:10:33.904 DEBUG 13864 --- [main] com.example.demo.service.DemoService     : :::truncating....pmsdata.a_test
2022-09-02 11:10:33.910 DEBUG 13864 --- [main] c.e.d.t.TargetDatabaseMapper.truncate    : ==>  Preparing: truncate table pmsdata.a_test
2022-09-02 11:10:33.910 DEBUG 13864 --- [main] c.e.d.t.TargetDatabaseMapper.truncate    : ==> Parameters: 
2022-09-02 11:10:33.940 DEBUG 13864 --- [main] com.example.demo.service.DemoService     : :::retrieving data... (batch count = 1,000,000).... 1/10
2022-09-02 11:10:33.940 DEBUG 13864 --- [main] c.e.d.s.S.findDataByTableName            : ==>  Preparing: select * from pmsportal.a_test where 1 = 1 limit ? offset ?
2022-09-02 11:10:33.940 DEBUG 13864 --- [main] c.e.d.s.S.findDataByTableName            : ==> Parameters: 1000000(Long), 0(Long)
2022-09-02 11:10:37.395 DEBUG 13864 --- [main] c.e.d.s.S.findDataByTableName            : <==      Total: 1000000
2022-09-02 11:10:38.416 DEBUG 13864 --- [main] com.example.demo.service.DemoService     : :::executing batch
2022-09-02 11:10:42.151 DEBUG 13864 --- [main] com.example.demo.service.DemoService     : :::retrieving data... (batch count = 1,000,000).... 2/10
2022-09-02 11:10:42.151 DEBUG 13864 --- [main] c.e.d.s.S.findDataByTableName            : ==>  Preparing: select * from pmsportal.a_test where 1 = 1 limit ? offset ?
2022-09-02 11:10:42.151 DEBUG 13864 --- [main] c.e.d.s.S.findDataByTableName            : ==> Parameters: 1000000(Long), 1000000(Long)
2022-09-02 11:10:46.466 DEBUG 13864 --- [main] c.e.d.s.S.findDataByTableName            : <==      Total: 1000000
2022-09-02 11:10:47.226 DEBUG 13864 --- [main] com.example.demo.service.DemoService     : :::executing batch
2022-09-02 11:10:50.710 DEBUG 13864 --- [main] com.example.demo.service.DemoService     : :::retrieving data... (batch count = 1,000,000).... 3/10
2022-09-02 11:10:50.710 DEBUG 13864 --- [main] c.e.d.s.S.findDataByTableName            : ==>  Preparing: select * from pmsportal.a_test where 1 = 1 limit ? offset ?
2022-09-02 11:10:50.710 DEBUG 13864 --- [main] c.e.d.s.S.findDataByTableName            : ==> Parameters: 1000000(Long), 2000000(Long)
